<?xml version="1.0" encoding="UTF-8"?>
<coverage generated="1762828744607" clover="3.2.0">
  <project timestamp="1762828744607" name="All files">
    <metrics statements="32" coveredstatements="30" conditionals="20" coveredconditionals="12" methods="13" coveredmethods="12" elements="65" coveredelements="54" complexity="0" loc="32" ncloc="32" packages="1" files="1" classes="1"/>
    <file name="websocket-logic.js" path="/Users/jaf/Documents/REPOSITORIOS VIGENTES/Challenge7/New CollectorZone/src/main/resources/public/scripts/websocket-logic.js">
      <metrics statements="32" coveredstatements="30" conditionals="20" coveredconditionals="12" methods="13" coveredmethods="12"/>
      <line num="2" count="3" type="cond" truecount="3" falsecount="1"/>
      <line num="3" count="3" type="stmt"/>
      <line num="4" count="3" type="stmt"/>
      <line num="9" count="2" type="cond" truecount="1" falsecount="1"/>
      <line num="10" count="2" type="stmt"/>
      <line num="15" count="1" type="stmt"/>
      <line num="16" count="1" type="cond" truecount="1" falsecount="1"/>
      <line num="17" count="1" type="stmt"/>
      <line num="19" count="2" type="stmt"/>
      <line num="20" count="2" type="stmt"/>
      <line num="23" count="2" type="stmt"/>
      <line num="24" count="2" type="stmt"/>
      <line num="26" count="2" type="stmt"/>
      <line num="27" count="2" type="cond" truecount="1" falsecount="1"/>
      <line num="28" count="2" type="stmt"/>
      <line num="39" count="1" type="stmt"/>
      <line num="40" count="1" type="stmt"/>
      <line num="41" count="1" type="stmt"/>
      <line num="43" count="1" type="cond" truecount="1" falsecount="1"/>
      <line num="44" count="1" type="stmt"/>
      <line num="46" count="1" type="stmt"/>
      <line num="47" count="0" type="stmt"/>
      <line num="50" count="1" type="stmt"/>
      <line num="51" count="1" type="cond" truecount="3" falsecount="1"/>
      <line num="52" count="1" type="stmt"/>
      <line num="54" count="0" type="stmt"/>
      <line num="58" count="1" type="stmt"/>
      <line num="60" count="1" type="stmt"/>
      <line num="63" count="1" type="stmt"/>
      <line num="64" count="1" type="cond" truecount="1" falsecount="1"/>
      <line num="67" count="1" type="cond" truecount="1" falsecount="1"/>
      <line num="68" count="1" type="stmt"/>
    </file>
  </project>
</coverage>
