{"/Users/jaf/Documents/REPOSITORIOS VIGENTES/Challenge7/New CollectorZone/src/main/resources/public/scripts/websocket-logic.js": {"path":"/Users/jaf/Documents/REPOSITORIOS VIGENTES/Challenge7/New CollectorZone/src/main/resources/public/scripts/websocket-logic.js","statementMap":{"0":{"start":{"line":2,"column":2},"end":{"line":5,"column":3}},"1":{"start":{"line":3,"column":4},"end":{"line":3,"column":34}},"2":{"start":{"line":4,"column":4},"end":{"line":4,"column":20}},"3":{"start":{"line":9,"column":2},"end":{"line":11,"column":3}},"4":{"start":{"line":10,"column":4},"end":{"line":10,"column":22}},"5":{"start":{"line":15,"column":20},"end":{"line":15,"column":68}},"6":{"start":{"line":16,"column":2},"end":{"line":34,"column":3}},"7":{"start":{"line":17,"column":4},"end":{"line":33,"column":7}},"8":{"start":{"line":19,"column":6},"end":{"line":21,"column":28}},"9":{"start":{"line":20,"column":8},"end":{"line":20,"column":36}},"10":{"start":{"line":23,"column":6},"end":{"line":32,"column":15}},"11":{"start":{"line":24,"column":8},"end":{"line":24,"column":39}},"12":{"start":{"line":26,"column":8},"end":{"line":30,"column":16}},"13":{"start":{"line":27,"column":10},"end":{"line":29,"column":11}},"14":{"start":{"line":28,"column":12},"end":{"line":28,"column":48}},"15":{"start":{"line":39,"column":19},"end":{"line":39,"column":54}},"16":{"start":{"line":40,"column":20},"end":{"line":40,"column":57}},"17":{"start":{"line":41,"column":19},"end":{"line":41,"column":55}},"18":{"start":{"line":43,"column":16},"end":{"line":43,"column":114}},"19":{"start":{"line":44,"column":17},"end":{"line":44,"column":37}},"20":{"start":{"line":46,"column":2},"end":{"line":48,"column":4}},"21":{"start":{"line":47,"column":4},"end":{"line":47,"column":55}},"22":{"start":{"line":50,"column":2},"end":{"line":56,"column":4}},"23":{"start":{"line":51,"column":4},"end":{"line":55,"column":5}},"24":{"start":{"line":52,"column":6},"end":{"line":52,"column":57}},"25":{"start":{"line":54,"column":6},"end":{"line":54,"column":67}},"26":{"start":{"line":58,"column":2},"end":{"line":61,"column":4}},"27":{"start":{"line":60,"column":4},"end":{"line":60,"column":47}},"28":{"start":{"line":63,"column":2},"end":{"line":65,"column":4}},"29":{"start":{"line":64,"column":4},"end":{"line":64,"column":103}},"30":{"start":{"line":67,"column":2},"end":{"line":69,"column":3}},"31":{"start":{"line":68,"column":4},"end":{"line":68,"column":77}},"32":{"start":{"line":68,"column":45},"end":{"line":68,"column":75}}},"fnMap":{"0":{"name":"log","decl":{"start":{"line":1,"column":16},"end":{"line":1,"column":19}},"loc":{"start":{"line":1,"column":50},"end":{"line":6,"column":1}},"line":1},"1":{"name":"refreshWindow","decl":{"start":{"line":8,"column":16},"end":{"line":8,"column":29}},"loc":{"start":{"line":8,"column":40},"end":{"line":12,"column":1}},"line":8},"2":{"name":"processToastNotifications","decl":{"start":{"line":14,"column":16},"end":{"line":14,"column":41}},"loc":{"start":{"line":14,"column":52},"end":{"line":35,"column":1}},"line":14},"3":{"name":"(anonymous_3)","decl":{"start":{"line":17,"column":22},"end":{"line":17,"column":23}},"loc":{"start":{"line":17,"column":40},"end":{"line":33,"column":5}},"line":17},"4":{"name":"(anonymous_4)","decl":{"start":{"line":19,"column":17},"end":{"line":19,"column":18}},"loc":{"start":{"line":19,"column":23},"end":{"line":21,"column":7}},"line":19},"5":{"name":"(anonymous_5)","decl":{"start":{"line":23,"column":17},"end":{"line":23,"column":18}},"loc":{"start":{"line":23,"column":23},"end":{"line":32,"column":7}},"line":23},"6":{"name":"(anonymous_6)","decl":{"start":{"line":26,"column":19},"end":{"line":26,"column":20}},"loc":{"start":{"line":26,"column":25},"end":{"line":30,"column":9}},"line":26},"7":{"name":"setupWebSocket","decl":{"start":{"line":37,"column":16},"end":{"line":37,"column":30}},"loc":{"start":{"line":37,"column":60},"end":{"line":70,"column":1}},"line":37},"8":{"name":"(anonymous_8)","decl":{"start":{"line":46,"column":18},"end":{"line":46,"column":19}},"loc":{"start":{"line":46,"column":35},"end":{"line":48,"column":3}},"line":46},"9":{"name":"(anonymous_9)","decl":{"start":{"line":50,"column":21},"end":{"line":50,"column":22}},"loc":{"start":{"line":50,"column":38},"end":{"line":56,"column":3}},"line":50},"10":{"name":"(anonymous_10)","decl":{"start":{"line":58,"column":19},"end":{"line":58,"column":20}},"loc":{"start":{"line":58,"column":36},"end":{"line":61,"column":3}},"line":58},"11":{"name":"(anonymous_11)","decl":{"start":{"line":63,"column":19},"end":{"line":63,"column":20}},"loc":{"start":{"line":63,"column":36},"end":{"line":65,"column":3}},"line":63},"12":{"name":"(anonymous_12)","decl":{"start":{"line":68,"column":39},"end":{"line":68,"column":40}},"loc":{"start":{"line":68,"column":45},"end":{"line":68,"column":75}},"line":68}},"branchMap":{"0":{"loc":{"start":{"line":2,"column":2},"end":{"line":5,"column":3}},"type":"if","locations":[{"start":{"line":2,"column":2},"end":{"line":5,"column":3}},{"start":{},"end":{}}],"line":2},"1":{"loc":{"start":{"line":2,"column":6},"end":{"line":2,"column":27}},"type":"binary-expr","locations":[{"start":{"line":2,"column":6},"end":{"line":2,"column":15}},{"start":{"line":2,"column":19},"end":{"line":2,"column":27}}],"line":2},"2":{"loc":{"start":{"line":9,"column":2},"end":{"line":11,"column":3}},"type":"if","locations":[{"start":{"line":9,"column":2},"end":{"line":11,"column":3}},{"start":{},"end":{}}],"line":9},"3":{"loc":{"start":{"line":16,"column":2},"end":{"line":34,"column":3}},"type":"if","locations":[{"start":{"line":16,"column":2},"end":{"line":34,"column":3}},{"start":{},"end":{}}],"line":16},"4":{"loc":{"start":{"line":27,"column":10},"end":{"line":29,"column":11}},"type":"if","locations":[{"start":{"line":27,"column":10},"end":{"line":29,"column":11}},{"start":{},"end":{}}],"line":27},"5":{"loc":{"start":{"line":43,"column":19},"end":{"line":43,"column":73}},"type":"cond-expr","locations":[{"start":{"line":43,"column":59},"end":{"line":43,"column":65}},{"start":{"line":43,"column":68},"end":{"line":43,"column":73}}],"line":43},"6":{"loc":{"start":{"line":51,"column":4},"end":{"line":55,"column":5}},"type":"if","locations":[{"start":{"line":51,"column":4},"end":{"line":55,"column":5}},{"start":{"line":53,"column":11},"end":{"line":55,"column":5}}],"line":51},"7":{"loc":{"start":{"line":51,"column":8},"end":{"line":51,"column":27}},"type":"binary-expr","locations":[{"start":{"line":51,"column":8},"end":{"line":51,"column":13}},{"start":{"line":51,"column":17},"end":{"line":51,"column":27}}],"line":51},"8":{"loc":{"start":{"line":64,"column":40},"end":{"line":64,"column":79}},"type":"cond-expr","locations":[{"start":{"line":64,"column":48},"end":{"line":64,"column":61}},{"start":{"line":64,"column":64},"end":{"line":64,"column":79}}],"line":64},"9":{"loc":{"start":{"line":67,"column":2},"end":{"line":69,"column":3}},"type":"if","locations":[{"start":{"line":67,"column":2},"end":{"line":69,"column":3}},{"start":{},"end":{}}],"line":67}},"s":{"0":1,"1":1,"2":1,"3":2,"4":2,"5":1,"6":1,"7":1,"8":2,"9":2,"10":2,"11":2,"12":2,"13":2,"14":2,"15":1,"16":1,"17":1,"18":1,"19":1,"20":1,"21":0,"22":1,"23":0,"24":0,"25":0,"26":1,"27":0,"28":1,"29":0,"30":1,"31":1,"32":1},"f":{"0":1,"1":2,"2":1,"3":2,"4":2,"5":2,"6":2,"7":1,"8":0,"9":0,"10":0,"11":0,"12":1},"b":{"0":[1,0],"1":[1,1],"2":[2,0],"3":[1,0],"4":[2,0],"5":[0,1],"6":[0,0],"7":[0,0],"8":[0,0],"9":[1,0]},"_coverageSchema":"1a1c01bbd47fc00a2c39e90264f33305004495a9","hash":"aa4a2166c23cb73348c251a1244d3505d961c10a"}
}
