TN:
SF:src/main/resources/public/scripts/websocket-logic.js
FN:1,log
FN:8,refreshWindow
FN:14,processToastNotifications
FN:17,(anonymous_3)
FN:19,(anonymous_4)
FN:23,(anonymous_5)
FN:26,(anonymous_6)
FN:37,setupWebSocket
FN:46,(anonymous_8)
FN:50,(anonymous_9)
FN:58,(anonymous_10)
FN:63,(anonymous_11)
FN:68,(anonymous_12)
FNF:13
FNH:12
FNDA:3,log
FNDA:2,refreshWindow
FNDA:1,processToastNotifications
FNDA:2,(anonymous_3)
FNDA:2,(anonymous_4)
FNDA:2,(anonymous_5)
FNDA:2,(anonymous_6)
FNDA:1,setupWebSocket
FNDA:0,(anonymous_8)
FNDA:1,(anonymous_9)
FNDA:1,(anonymous_10)
FNDA:1,(anonymous_11)
FNDA:1,(anonymous_12)
DA:2,3
DA:3,3
DA:4,3
DA:9,2
DA:10,2
DA:15,1
DA:16,1
DA:17,1
DA:19,2
DA:20,2
DA:23,2
DA:24,2
DA:26,2
DA:27,2
DA:28,2
DA:39,1
DA:40,1
DA:41,1
DA:43,1
DA:44,1
DA:46,1
DA:47,0
DA:50,1
DA:51,1
DA:52,1
DA:54,0
DA:58,1
DA:60,1
DA:63,1
DA:64,1
DA:67,1
DA:68,1
LF:32
LH:30
BRDA:2,0,0,3
BRDA:2,0,1,0
BRDA:2,1,0,3
BRDA:2,1,1,3
BRDA:9,2,0,2
BRDA:9,2,1,0
BRDA:16,3,0,1
BRDA:16,3,1,0
BRDA:27,4,0,2
BRDA:27,4,1,0
BRDA:43,5,0,0
BRDA:43,5,1,1
BRDA:51,6,0,1
BRDA:51,6,1,0
BRDA:51,7,0,1
BRDA:51,7,1,1
BRDA:64,8,0,1
BRDA:64,8,1,0
BRDA:67,9,0,1
BRDA:67,9,1,0
BRF:20
BRH:12
end_of_record
